This file contains any messages produced by compilers while
running configure, to aid debugging if configure makes a mistake.

configure:568: checking for a BSD compatible install
configure:621: checking whether build environment is sane
configure:678: checking whether make sets ${MAKE}
configure:724: checking for working aclocal
configure:737: checking for working autoconf
configure:750: checking for working automake
configure:763: checking for working autoheader
configure:776: checking for working makeinfo
configure:796: checking for gcc
configure:909: checking whether the C compiler (gcc  ) works
configure:925: gcc -o conftest    conftest.c  1>&5
configure:951: checking whether the C compiler (gcc  ) is a cross-compiler
configure:956: checking whether we are using GNU C
configure:965: gcc -E conftest.c
configure:984: checking whether gcc accepts -g
configure:1016: checking how to run the C preprocessor
configure:1037: gcc -E  conftest.c >/dev/null 2>conftest.out
configure:1107: checking for a BSD compatible install
configure:1160: checking whether ln -s works
configure:1181: checking whether make sets ${MAKE}
configure:1210: checking for ranlib
configure:1239: checking for POSIXized ISC
configure:1265: checking for X
configure:1332: gcc -E  conftest.c >/dev/null 2>conftest.out
configure:1408: gcc -o conftest -g -O2   conftest.c -lXt  1>&5
configure:1579: checking for dnet_ntoa in -ldnet
configure:1598: gcc -o conftest -g -O2   conftest.c -ldnet   1>&5
/usr/bin/ld: cannot find -ldnet
collect2: ld returned 1 exit status
configure: failed program was:
#line 1587 "configure"
#include "confdefs.h"
/* Override any gcc2 internal prototype to avoid an error.  */
/* We use char because int might match the return type of a gcc2
    builtin and then its argument prototype would still apply.  */
char dnet_ntoa();

int main() {
dnet_ntoa()
; return 0; }
configure:1620: checking for dnet_ntoa in -ldnet_stub
configure:1639: gcc -o conftest -g -O2   conftest.c -ldnet_stub   1>&5
/usr/bin/ld: cannot find -ldnet_stub
collect2: ld returned 1 exit status
configure: failed program was:
#line 1628 "configure"
#include "confdefs.h"
/* Override any gcc2 internal prototype to avoid an error.  */
/* We use char because int might match the return type of a gcc2
    builtin and then its argument prototype would still apply.  */
char dnet_ntoa();

int main() {
dnet_ntoa()
; return 0; }
configure:1668: checking for gethostbyname
configure:1696: gcc -o conftest -g -O2   conftest.c  1>&5
configure:1766: checking for connect
configure:1794: gcc -o conftest -g -O2   conftest.c  1>&5
configure:1858: checking for remove
configure:1886: gcc -o conftest -g -O2   conftest.c  1>&5
configure:1950: checking for shmat
configure:1978: gcc -o conftest -g -O2   conftest.c  1>&5
configure:2051: checking for IceConnectionNumber in -lICE
configure:2070: gcc -o conftest -g -O2   conftest.c -lICE   1>&5
configure:2095: checking for ANSI C header files
configure:2108: gcc -E  conftest.c >/dev/null 2>conftest.out
configure:2175: gcc -o conftest -g -O2   conftest.c  1>&5
configure: In function 'main':
configure:2170: warning: incompatible implicit declaration of built-in function 'exit'
configure:2201: checking for working const
configure:2255: gcc -c -g -O2  conftest.c 1>&5
configure:2276: checking for inline
configure:2290: gcc -c -g -O2  conftest.c 1>&5
configure:2316: checking for off_t
configure:2349: checking for size_t
configure:2384: checking for working alloca.h
configure:2396: gcc -o conftest -g -O2   conftest.c  1>&5
configure:2417: checking for alloca
configure:2450: gcc -o conftest -g -O2   conftest.c  1>&5
configure:2619: checking for unistd.h
configure:2629: gcc -E  conftest.c >/dev/null 2>conftest.out
configure:2658: checking for getpagesize
configure:2686: gcc -o conftest -g -O2   conftest.c  1>&5
configure:2711: checking for working mmap
configure:2862: gcc -o conftest -g -O2   conftest.c  1>&5
configure:2793: error: conflicting types for 'malloc'
configure: failed program was:
#line 2719 "configure"
#include "confdefs.h"

/* Thanks to Mike Haertel and Jim Avera for this test.
   Here is a matrix of mmap possibilities:
	mmap private not fixed
	mmap private fixed at somewhere currently unmapped
	mmap private fixed at somewhere already mapped
	mmap shared not fixed
	mmap shared fixed at somewhere currently unmapped
	mmap shared fixed at somewhere already mapped
   For private mappings, we should verify that changes cannot be read()
   back from the file, nor mmap's back from the file at a different
   address.  (There have been systems where private was not correctly
   implemented like the infamous i386 svr4.0, and systems where the
   VM page cache was not coherent with the filesystem buffer cache
   like early versions of FreeBSD and possibly contemporary NetBSD.)
   For shared mappings, we should conversely verify that changes get
   propogated back to all the places they're supposed to be.

   Grep wants private fixed already mapped.
   The main things grep needs to know about mmap are:
   * does it exist and is it safe to write into the mmap'd area
   * how to use it (BSD variants)  */
#include <sys/types.h>
#include <fcntl.h>
#include <sys/mman.h>
#include <stdlib.h>
#include <sys/stat.h>

#ifdef HAVE_UNISTD_H
# include <unistd.h>
#endif

/* This mess was copied from the GNU getpagesize.h.  */
#ifndef HAVE_GETPAGESIZE

/* Assume that all systems that can run configure have sys/param.h.  */
# ifndef HAVE_SYS_PARAM_H
#  define HAVE_SYS_PARAM_H 1
# endif

# ifdef _SC_PAGESIZE
#  define getpagesize() sysconf(_SC_PAGESIZE)
# else /* no _SC_PAGESIZE */
#  ifdef HAVE_SYS_PARAM_H
#   include <sys/param.h>
#   ifdef EXEC_PAGESIZE
#    define getpagesize() EXEC_PAGESIZE
#   else /* no EXEC_PAGESIZE */
#    ifdef NBPG
#     define getpagesize() NBPG * CLSIZE
#     ifndef CLSIZE
#      define CLSIZE 1
#     endif /* no CLSIZE */
#    else /* no NBPG */
#     ifdef NBPC
#      define getpagesize() NBPC
#     else /* no NBPC */
#      ifdef PAGESIZE
#       define getpagesize() PAGESIZE
#      endif /* PAGESIZE */
#     endif /* no NBPC */
#    endif /* no NBPG */
#   endif /* no EXEC_PAGESIZE */
#  else /* no HAVE_SYS_PARAM_H */
#   define getpagesize() 8192	/* punt totally */
#  endif /* no HAVE_SYS_PARAM_H */
# endif /* no _SC_PAGESIZE */

#endif /* no HAVE_GETPAGESIZE */

#ifdef __cplusplus
extern "C" { void *malloc(unsigned); }
#else
char *malloc();
#endif

int
main()
{
	char *data, *data2, *data3;
	int i, pagesize;
	int fd;

	pagesize = getpagesize();

	/*
	 * First, make a file with some known garbage in it.
	 */
	data = (char*)malloc(pagesize);
	if (!data)
		exit(1);
	for (i = 0; i < pagesize; ++i)
		*(data + i) = rand();
	umask(0);
	fd = creat("conftestmmap", 0600);
	if (fd < 0)
		exit(1);
	if (write(fd, data, pagesize) != pagesize)
		exit(1);
	close(fd);

	/*
	 * Next, try to mmap the file at a fixed address which
	 * already has something else allocated at it.  If we can,
	 * also make sure that we see the same garbage.
	 */
	fd = open("conftestmmap", O_RDWR);
	if (fd < 0)
		exit(1);
	data2 = (char*)malloc(2 * pagesize);
	if (!data2)
		exit(1);
	data2 += (pagesize - ((int) data2 & (pagesize - 1))) & (pagesize - 1);
	if (data2 != mmap(data2, pagesize, PROT_READ | PROT_WRITE,
	    MAP_PRIVATE | MAP_FIXED, fd, 0L))
		exit(1);
	for (i = 0; i < pagesize; ++i)
		if (*(data + i) != *(data2 + i))
			exit(1);

	/*
	 * Finally, make sure that changes to the mapped area
	 * do not percolate back to the file as seen by read().
	 * (This is a bug on some variants of i386 svr4.0.)
	 */
	for (i = 0; i < pagesize; ++i)
		*(data2 + i) = *(data2 + i) + 1;
	data3 = (char*)malloc(pagesize);
	if (!data3)
		exit(1);
	if (read(fd, data3, pagesize) != pagesize)
		exit(1);
	for (i = 0; i < pagesize; ++i)
		if (*(data + i) != *(data3 + i))
			exit(1);
	close(fd);
	unlink("conftestmmap");
	exit(0);
}

configure:2890: checking for argz.h
configure:2900: gcc -E  conftest.c >/dev/null 2>conftest.out
configure:2890: checking for limits.h
configure:2900: gcc -E  conftest.c >/dev/null 2>conftest.out
configure:2890: checking for locale.h
configure:2900: gcc -E  conftest.c >/dev/null 2>conftest.out
configure:2890: checking for nl_types.h
configure:2900: gcc -E  conftest.c >/dev/null 2>conftest.out
configure:2890: checking for malloc.h
configure:2900: gcc -E  conftest.c >/dev/null 2>conftest.out
configure:2890: checking for string.h
configure:2900: gcc -E  conftest.c >/dev/null 2>conftest.out
configure:2890: checking for unistd.h
configure:2890: checking for sys/param.h
configure:2900: gcc -E  conftest.c >/dev/null 2>conftest.out
configure:2930: checking for getcwd
configure:2958: gcc -o conftest -g -O2   conftest.c  1>&5
configure:2930: checking for munmap
configure:2958: gcc -o conftest -g -O2   conftest.c  1>&5
configure:2930: checking for putenv
configure:2958: gcc -o conftest -g -O2   conftest.c  1>&5
configure:2930: checking for setenv
configure:2958: gcc -o conftest -g -O2   conftest.c  1>&5
configure:2930: checking for setlocale
configure:2958: gcc -o conftest -g -O2   conftest.c  1>&5
configure:2930: checking for strchr
configure:2958: gcc -o conftest -g -O2   conftest.c  1>&5
configure:2942: warning: conflicting types for built-in function 'strchr'
configure:2930: checking for strcasecmp
configure:2958: gcc -o conftest -g -O2   conftest.c  1>&5
configure:2942: warning: conflicting types for built-in function 'strcasecmp'
configure:2930: checking for strdup
configure:2958: gcc -o conftest -g -O2   conftest.c  1>&5
configure:2942: warning: conflicting types for built-in function 'strdup'
configure:2930: checking for __argz_count
configure:2958: gcc -o conftest -g -O2   conftest.c  1>&5
configure:2930: checking for __argz_stringify
configure:2958: gcc -o conftest -g -O2   conftest.c  1>&5
configure:2930: checking for __argz_next
configure:2958: gcc -o conftest -g -O2   conftest.c  1>&5
configure:2987: checking for stpcpy
configure:3015: gcc -o conftest -g -O2   conftest.c  1>&5
configure:2999: warning: conflicting types for built-in function 'stpcpy'
configure:3049: checking for LC_MESSAGES
configure:3061: gcc -o conftest -g -O2   conftest.c  1>&5
configure:3082: checking whether NLS is requested
configure:3102: checking whether included gettext is requested
configure:3121: checking for libintl.h
configure:3131: gcc -E  conftest.c >/dev/null 2>conftest.out
configure:3148: checking for gettext in libc
configure:3160: gcc -o conftest -g -O2   conftest.c  1>&5
configure:3274: checking for msgfmt
configure:3308: checking for dcgettext
configure:3336: gcc -o conftest -g -O2   conftest.c  1>&5
configure:3320: warning: conflicting types for built-in function 'dcgettext'
configure:3363: checking for gmsgfmt
configure:3399: checking for xgettext
configure:3439: gcc -o conftest -g -O2   conftest.c  1>&5
configure:3897: checking for catalogs to be installed
configure:4004: checking for XDrawString in -lX11
configure:4023: gcc -o conftest -g -O2    conftest.c -lX11    1>&5
configure:4051: checking for XtInitialize in -lXt
configure:4070: gcc -o conftest -g -O2    conftest.c -lXt  -lX11   1>&5
configure:4098: checking for main in -lXmu
configure:4113: gcc -o conftest -g -O2    conftest.c -lXmu  -lXt -lX11   1>&5
configure:4141: checking for main in -lXaw
configure:4156: gcc -o conftest -g -O2    conftest.c -lXaw  -lXmu -lXt -lX11   1>&5
/usr/bin/ld: cannot find -lXaw
collect2: ld returned 1 exit status
configure: failed program was:
#line 4149 "configure"
#include "confdefs.h"

int main() {
main()
; return 0; }
configure:4218: checking for putenv
configure:4218: checking for strdup
